<?xml version="1.0" encoding="UTF-8"?>
<testng-results ignored="0" total="4" passed="3" failed="1" skipped="0">
  <reporter-output>
  </reporter-output>
  <suite started-at="2021-01-14T16:07:49 CST" name="Default suite" finished-at="2021-01-14T16:10:02 CST" duration-ms="132612">
    <groups>
    </groups>
    <test started-at="2021-01-14T16:07:49 CST" name="Default test" finished-at="2021-01-14T16:10:02 CST" duration-ms="132612">
      <class name="com.qe.qa.testcases.GetQuoteTest">
        <test-method is-config="true" signature="setUp()[pri:0, instance:com.qe.qa.testcases.GetQuoteTest@609bcfb6]" started-at="2021-01-14T16:07:49 CST" name="setUp" finished-at="2021-01-14T16:07:57 CST" duration-ms="7707" status="PASS">
          <reporter-output>
          </reporter-output>
        </test-method> <!-- setUp -->
        <test-method signature="GetQuoteDl()[pri:0, instance:com.qe.qa.testcases.GetQuoteTest@609bcfb6]" started-at="2021-01-14T16:07:57 CST" name="GetQuoteDl" finished-at="2021-01-14T16:08:33 CST" duration-ms="36399" status="PASS">
          <reporter-output>
          </reporter-output>
        </test-method> <!-- GetQuoteDl -->
        <test-method is-config="true" signature="tearDown()[pri:0, instance:com.qe.qa.testcases.GetQuoteTest@609bcfb6]" started-at="2021-01-14T16:08:33 CST" name="tearDown" finished-at="2021-01-14T16:08:34 CST" duration-ms="829" status="PASS">
          <reporter-output>
          </reporter-output>
        </test-method> <!-- tearDown -->
        <test-method is-config="true" signature="setUp()[pri:0, instance:com.qe.qa.testcases.GetQuoteTest@609bcfb6]" started-at="2021-01-14T16:08:34 CST" name="setUp" finished-at="2021-01-14T16:08:41 CST" duration-ms="6604" status="PASS">
          <reporter-output>
          </reporter-output>
        </test-method> <!-- setUp -->
        <test-method signature="getQuoteManual()[pri:0, instance:com.qe.qa.testcases.GetQuoteTest@609bcfb6]" started-at="2021-01-14T16:08:41 CST" name="getQuoteManual" finished-at="2021-01-14T16:09:43 CST" duration-ms="62631" status="PASS">
          <reporter-output>
          </reporter-output>
        </test-method> <!-- getQuoteManual -->
        <test-method is-config="true" signature="tearDown()[pri:0, instance:com.qe.qa.testcases.GetQuoteTest@609bcfb6]" started-at="2021-01-14T16:09:43 CST" name="tearDown" finished-at="2021-01-14T16:09:44 CST" duration-ms="813" status="PASS">
          <reporter-output>
          </reporter-output>
        </test-method> <!-- tearDown -->
        <test-method is-config="true" signature="setUp()[pri:0, instance:com.qe.qa.testcases.GetQuoteTest@609bcfb6]" started-at="2021-01-14T16:09:44 CST" name="setUp" finished-at="2021-01-14T16:09:51 CST" duration-ms="6453" status="PASS">
          <reporter-output>
          </reporter-output>
        </test-method> <!-- setUp -->
        <test-method signature="getTitleHome()[pri:0, instance:com.qe.qa.testcases.GetQuoteTest@609bcfb6]" started-at="2021-01-14T16:09:51 CST" name="getTitleHome" finished-at="2021-01-14T16:09:52 CST" duration-ms="1703" status="FAIL">
          <exception class="java.lang.AssertionError">
            <message>
              <![CDATA[Title mismatched...]]>
            </message>
            <full-stacktrace>
              <![CDATA[java.lang.AssertionError: Title mismatched...
at com.qe.qa.testcases.GetQuoteTest.getTitleHome(GetQuoteTest.java:134)
at java.base/jdk.internal.reflect.NativeMethodAccessorImpl.invoke0(Native Method)
at java.base/jdk.internal.reflect.NativeMethodAccessorImpl.invoke(NativeMethodAccessorImpl.java:62)
at java.base/jdk.internal.reflect.DelegatingMethodAccessorImpl.invoke(DelegatingMethodAccessorImpl.java:43)
at java.base/java.lang.reflect.Method.invoke(Method.java:566)
at org.testng.internal.MethodInvocationHelper.invokeMethod(MethodInvocationHelper.java:132)
at org.testng.internal.TestInvoker.invokeMethod(TestInvoker.java:599)
at org.testng.internal.TestInvoker.invokeTestMethod(TestInvoker.java:174)
at org.testng.internal.MethodRunner.runInSequence(MethodRunner.java:46)
at org.testng.internal.TestInvoker$MethodInvocationAgent.invoke(TestInvoker.java:822)
at org.testng.internal.TestInvoker.invokeTestMethods(TestInvoker.java:147)
at org.testng.internal.TestMethodWorker.invokeTestMethods(TestMethodWorker.java:146)
at org.testng.internal.TestMethodWorker.run(TestMethodWorker.java:128)
at java.base/java.util.ArrayList.forEach(ArrayList.java:1541)
at org.testng.TestRunner.privateRun(TestRunner.java:764)
at org.testng.TestRunner.run(TestRunner.java:585)
at org.testng.SuiteRunner.runTest(SuiteRunner.java:384)
at org.testng.SuiteRunner.runSequentially(SuiteRunner.java:378)
at org.testng.SuiteRunner.privateRun(SuiteRunner.java:337)
at org.testng.SuiteRunner.run(SuiteRunner.java:286)
at org.testng.SuiteRunnerWorker.runSuite(SuiteRunnerWorker.java:53)
at org.testng.SuiteRunnerWorker.run(SuiteRunnerWorker.java:96)
at org.testng.TestNG.runSuitesSequentially(TestNG.java:1218)
at org.testng.TestNG.runSuitesLocally(TestNG.java:1140)
at org.testng.TestNG.runSuites(TestNG.java:1069)
at org.testng.TestNG.run(TestNG.java:1037)
at org.testng.remote.AbstractRemoteTestNG.run(AbstractRemoteTestNG.java:115)
at org.testng.remote.RemoteTestNG.initAndRun(RemoteTestNG.java:251)
at org.testng.remote.RemoteTestNG.main(RemoteTestNG.java:77)
]]>
            </full-stacktrace>
          </exception> <!-- java.lang.AssertionError -->
          <reporter-output>
          </reporter-output>
        </test-method> <!-- getTitleHome -->
        <test-method is-config="true" signature="tearDown()[pri:0, instance:com.qe.qa.testcases.GetQuoteTest@609bcfb6]" started-at="2021-01-14T16:09:52 CST" name="tearDown" finished-at="2021-01-14T16:09:53 CST" duration-ms="818" status="PASS">
          <reporter-output>
          </reporter-output>
        </test-method> <!-- tearDown -->
        <test-method is-config="true" signature="setUp()[pri:0, instance:com.qe.qa.testcases.GetQuoteTest@609bcfb6]" started-at="2021-01-14T16:09:53 CST" name="setUp" finished-at="2021-01-14T16:10:00 CST" duration-ms="6415" status="PASS">
          <reporter-output>
          </reporter-output>
        </test-method> <!-- setUp -->
        <test-method signature="getTitleRateEngine()[pri:0, instance:com.qe.qa.testcases.GetQuoteTest@609bcfb6]" started-at="2021-01-14T16:10:00 CST" name="getTitleRateEngine" finished-at="2021-01-14T16:10:01 CST" duration-ms="1227" status="PASS">
          <reporter-output>
          </reporter-output>
        </test-method> <!-- getTitleRateEngine -->
        <test-method is-config="true" signature="tearDown()[pri:0, instance:com.qe.qa.testcases.GetQuoteTest@609bcfb6]" started-at="2021-01-14T16:10:01 CST" name="tearDown" finished-at="2021-01-14T16:10:02 CST" duration-ms="817" status="PASS">
          <reporter-output>
          </reporter-output>
        </test-method> <!-- tearDown -->
      </class> <!-- com.qe.qa.testcases.GetQuoteTest -->
    </test> <!-- Default test -->
  </suite> <!-- Default suite -->
</testng-results>
